<?xml version="1.0" encoding="UTF-8"?>
<testsuite xmlns:xsi="http://www.w3.org/2001/XMLSchema-instance" xsi:noNamespaceSchemaLocation="https://maven.apache.org/surefire/maven-surefire-plugin/xsd/surefire-test-report-3.0.xsd" version="3.0" name="testrunner.RunnerTest" time="86.138" tests="10" errors="0" skipped="0" failures="0">
  <properties>
[...]
</properties>
  <testcase name="runScenario" classname="testrunner.RunnerTest" time="7.235"/>
  <testcase name="runScenario" classname="testrunner.RunnerTest" time="4.161"/>
  <testcase name="runScenario" classname="testrunner.RunnerTest" time="7.393"/>
  <testcase name="runScenario" classname="testrunner.RunnerTest" time="8.171"/>
  <testcase name="runScenario" classname="testrunner.RunnerTest" time="9.625"/>
  <testcase name="runScenario" classname="testrunner.RunnerTest" time="8.48"/>
  <testcase name="runScenario" classname="testrunner.RunnerTest" time="9.241"/>
  <testcase name="runScenario" classname="testrunner.RunnerTest" time="9.895"/>
  <testcase name="runScenario" classname="testrunner.RunnerTest" time="9.373"/>
  <testcase name="runScenario" classname="testrunner.RunnerTest" time="10.444"/>
</testsuite>