<?xml version="1.0" encoding="UTF-8"?>
<testng-results skipped="0" failed="0" ignored="0" total="10" passed="10">
  <reporter-output>
  </reporter-output>
  <suite name="Surefire suite" duration-ms="84984" started-at="2020-10-15T03:11:09Z" finished-at="2020-10-15T03:12:34Z">
    <groups>
      <group name="cucumber">
        <method signature="AbstractTestNGCucumberTests.runScenario(io.cucumber.testng.PickleEventWrapper, io.cucumber.testng.CucumberFeatureWrapper)[pri:0, instance:testrunner.RunnerTest@6500df86]" name="runScenario" class="io.cucumber.testng.AbstractTestNGCucumberTests"/>
      </group> <!-- cucumber -->
    </groups>
    <test name="Surefire test" duration-ms="84984" started-at="2020-10-15T03:11:09Z" finished-at="2020-10-15T03:12:34Z">
      <class name="testrunner.RunnerTest">
        <test-method status="PASS" signature="setUpClass()[pri:0, instance:testrunner.RunnerTest@6500df86]" name="setUpClass" is-config="true" duration-ms="887" started-at="2020-10-15T03:11:09Z" finished-at="2020-10-15T03:11:10Z">
          <reporter-output>
          </reporter-output>
        </test-method> <!-- setUpClass -->
        <test-method status="PASS" signature="runScenario(io.cucumber.testng.PickleEventWrapper, io.cucumber.testng.CucumberFeatureWrapper)[pri:0, instance:testrunner.RunnerTest@6500df86]" name="runScenario" duration-ms="7234" started-at="2020-10-15T03:11:10Z" description="Runs Cucumber Scenarios" data-provider="scenarios" finished-at="2020-10-15T03:11:17Z">
          <params>
            <param index="0">
              <value>
                <![CDATA["1-login with a valid user"]]>
              </value>
            </param>
            <param index="1">
              <value>
                <![CDATA["sauce demo 1"]]>
              </value>
            </param>
          </params>
          <reporter-output>
          </reporter-output>
        </test-method> <!-- runScenario -->
        <test-method status="PASS" signature="runScenario(io.cucumber.testng.PickleEventWrapper, io.cucumber.testng.CucumberFeatureWrapper)[pri:0, instance:testrunner.RunnerTest@6500df86]" name="runScenario" duration-ms="4164" started-at="2020-10-15T03:11:17Z" description="Runs Cucumber Scenarios" data-provider="scenarios" finished-at="2020-10-15T03:11:22Z">
          <params>
            <param index="0">
              <value>
                <![CDATA["2-login with an invalid user"]]>
              </value>
            </param>
            <param index="1">
              <value>
                <![CDATA["sauce demo 1"]]>
              </value>
            </param>
          </params>
          <reporter-output>
          </reporter-output>
        </test-method> <!-- runScenario -->
        <test-method status="PASS" signature="runScenario(io.cucumber.testng.PickleEventWrapper, io.cucumber.testng.CucumberFeatureWrapper)[pri:0, instance:testrunner.RunnerTest@6500df86]" name="runScenario" duration-ms="7393" started-at="2020-10-15T03:11:22Z" description="Runs Cucumber Scenarios" data-provider="scenarios" finished-at="2020-10-15T03:11:29Z">
          <params>
            <param index="0">
              <value>
                <![CDATA["3-Logout from products page"]]>
              </value>
            </param>
            <param index="1">
              <value>
                <![CDATA["sauce demo 2"]]>
              </value>
            </param>
          </params>
          <reporter-output>
          </reporter-output>
        </test-method> <!-- runScenario -->
        <test-method status="PASS" signature="runScenario(io.cucumber.testng.PickleEventWrapper, io.cucumber.testng.CucumberFeatureWrapper)[pri:0, instance:testrunner.RunnerTest@6500df86]" name="runScenario" duration-ms="8170" started-at="2020-10-15T03:11:29Z" description="Runs Cucumber Scenarios" data-provider="scenarios" finished-at="2020-10-15T03:11:37Z">
          <params>
            <param index="0">
              <value>
                <![CDATA["4-navigate to the shopping cart"]]>
              </value>
            </param>
            <param index="1">
              <value>
                <![CDATA["sauce demo 2"]]>
              </value>
            </param>
          </params>
          <reporter-output>
          </reporter-output>
        </test-method> <!-- runScenario -->
        <test-method status="PASS" signature="runScenario(io.cucumber.testng.PickleEventWrapper, io.cucumber.testng.CucumberFeatureWrapper)[pri:0, instance:testrunner.RunnerTest@6500df86]" name="runScenario" duration-ms="9624" started-at="2020-10-15T03:11:37Z" description="Runs Cucumber Scenarios" data-provider="scenarios" finished-at="2020-10-15T03:11:47Z">
          <params>
            <param index="0">
              <value>
                <![CDATA["5-add a single item to the shopping cart"]]>
              </value>
            </param>
            <param index="1">
              <value>
                <![CDATA["sauce demo 2"]]>
              </value>
            </param>
          </params>
          <reporter-output>
          </reporter-output>
        </test-method> <!-- runScenario -->
        <test-method status="PASS" signature="runScenario(io.cucumber.testng.PickleEventWrapper, io.cucumber.testng.CucumberFeatureWrapper)[pri:0, instance:testrunner.RunnerTest@6500df86]" name="runScenario" duration-ms="8480" started-at="2020-10-15T03:11:47Z" description="Runs Cucumber Scenarios" data-provider="scenarios" finished-at="2020-10-15T03:11:55Z">
          <params>
            <param index="0">
              <value>
                <![CDATA["6-add multiple items to the shopping cart"]]>
              </value>
            </param>
            <param index="1">
              <value>
                <![CDATA["sauce demo 2"]]>
              </value>
            </param>
          </params>
          <reporter-output>
          </reporter-output>
        </test-method> <!-- runScenario -->
        <test-method status="PASS" signature="runScenario(io.cucumber.testng.PickleEventWrapper, io.cucumber.testng.CucumberFeatureWrapper)[pri:0, instance:testrunner.RunnerTest@6500df86]" name="runScenario" duration-ms="9242" started-at="2020-10-15T03:11:55Z" description="Runs Cucumber Scenarios" data-provider="scenarios" finished-at="2020-10-15T03:12:05Z">
          <params>
            <param index="0">
              <value>
                <![CDATA["7-missing zip code information"]]>
              </value>
            </param>
            <param index="1">
              <value>
                <![CDATA["sauce demo 2"]]>
              </value>
            </param>
          </params>
          <reporter-output>
          </reporter-output>
        </test-method> <!-- runScenario -->
        <test-method status="PASS" signature="runScenario(io.cucumber.testng.PickleEventWrapper, io.cucumber.testng.CucumberFeatureWrapper)[pri:0, instance:testrunner.RunnerTest@6500df86]" name="runScenario" duration-ms="9895" started-at="2020-10-15T03:12:05Z" description="Runs Cucumber Scenarios" data-provider="scenarios" finished-at="2020-10-15T03:12:14Z">
          <params>
            <param index="0">
              <value>
                <![CDATA["8-fill users information"]]>
              </value>
            </param>
            <param index="1">
              <value>
                <![CDATA["sauce demo 2"]]>
              </value>
            </param>
          </params>
          <reporter-output>
          </reporter-output>
        </test-method> <!-- runScenario -->
        <test-method status="PASS" signature="runScenario(io.cucumber.testng.PickleEventWrapper, io.cucumber.testng.CucumberFeatureWrapper)[pri:0, instance:testrunner.RunnerTest@6500df86]" name="runScenario" duration-ms="9372" started-at="2020-10-15T03:12:14Z" description="Runs Cucumber Scenarios" data-provider="scenarios" finished-at="2020-10-15T03:12:24Z">
          <params>
            <param index="0">
              <value>
                <![CDATA["9-final order items"]]>
              </value>
            </param>
            <param index="1">
              <value>
                <![CDATA["sauce demo 2"]]>
              </value>
            </param>
          </params>
          <reporter-output>
          </reporter-output>
        </test-method> <!-- runScenario -->
        <test-method status="PASS" signature="runScenario(io.cucumber.testng.PickleEventWrapper, io.cucumber.testng.CucumberFeatureWrapper)[pri:0, instance:testrunner.RunnerTest@6500df86]" name="runScenario" duration-ms="10444" started-at="2020-10-15T03:12:24Z" description="Runs Cucumber Scenarios" data-provider="scenarios" finished-at="2020-10-15T03:12:34Z">
          <params>
            <param index="0">
              <value>
                <![CDATA["10-complete a purchase"]]>
              </value>
            </param>
            <param index="1">
              <value>
                <![CDATA["sauce demo 2"]]>
              </value>
            </param>
          </params>
          <reporter-output>
          </reporter-output>
        </test-method> <!-- runScenario -->
        <test-method status="PASS" signature="tearDownClass()[pri:0, instance:testrunner.RunnerTest@6500df86]" name="tearDownClass" is-config="true" duration-ms="3" started-at="2020-10-15T03:12:34Z" finished-at="2020-10-15T03:12:34Z">
          <reporter-output>
          </reporter-output>
        </test-method> <!-- tearDownClass -->
      </class> <!-- testrunner.RunnerTest -->
    </test> <!-- Surefire test -->
  </suite> <!-- Surefire suite -->
</testng-results>
